{
  "0 debug pnpm:scope": {
    "selected": 1
  },
  "1 debug pnpm:package-manifest": {
    "initial": {
      "name": "admin-webpack",
      "version": "1.0.0",
      "description": "",
      "main": "index.js",
      "scripts": {
        "test": "echo \"Error: no test specified\" && exit 1"
      },
      "author": "",
      "license": "ISC"
    },
    "prefix": "/Users/zhangting/Documents/learn/admin-webpack"
  },
  "2 debug pnpm:context": {
    "currentLockfileExists": false,
    "storeDir": "/Users/zhangting/.pnpm-store/v3",
    "virtualStoreDir": "/Users/zhangting/Documents/learn/admin-webpack/node_modules/.pnpm"
  },
  "3 debug pnpm:stage": {
    "prefix": "/Users/zhangting/Documents/learn/admin-webpack",
    "stage": "resolution_started"
  },
  "4 error pnpm": {
    "code": "ERR_PNPM_FETCH_404",
    "hint": "wenpack-cli is not in the npm registry, or you have no permission to fetch it.\n\nNo authorization header was set for the request.",
    "request": {
      "url": "https://registry.npmjs.org/wenpack-cli"
    },
    "response": {
      "size": 0
    },
    "pkgName": "wenpack-cli",
    "pkgsStack": [],
    "err": {
      "name": "pnpm",
      "message": "GET https://registry.npmjs.org/wenpack-cli: Not Found - 404",
      "code": "ERR_PNPM_FETCH_404",
      "stack": "pnpm: GET https://registry.npmjs.org/wenpack-cli: Not Found - 404\n    at RetryOperation._fn (/usr/local/lib/node_modules/pnpm/dist/pnpm.cjs:85721:19)\n    at processTicksAndRejections (internal/process/task_queues.js:95:5)"
    }
  }
}